9/27/2012 10:21:01 PM	This log contains information about the import schema operation into project 'MVC4ServicesDb' on computer 'JKVS2012' by user 'jkurtz'.
9/27/2012 10:21:02 PM	Import of database schema has started.
9/27/2012 10:21:10 PM	Gathering database options
9/27/2012 10:21:10 PM	Gathering users
9/27/2012 10:21:10 PM	Gathering roles
9/27/2012 10:21:10 PM	Gathering application roles
9/27/2012 10:21:10 PM	Gathering role memberships
9/27/2012 10:21:10 PM	Gathering filegroups
9/27/2012 10:21:10 PM	Gathering files
9/27/2012 10:21:10 PM	Gathering full-text catalogs
9/27/2012 10:21:10 PM	Gathering assemblies
9/27/2012 10:21:10 PM	Gathering certificates
9/27/2012 10:21:10 PM	Gathering asymmetric keys
9/27/2012 10:21:10 PM	Gathering symmetric keys
9/27/2012 10:21:10 PM	Gathering encrypted symmetric keys
9/27/2012 10:21:10 PM	Gathering database encryption keys
9/27/2012 10:21:10 PM	Gathering schemas
9/27/2012 10:21:10 PM	Gathering XML schema collections
9/27/2012 10:21:10 PM	Gathering user-defined data types
9/27/2012 10:21:10 PM	Gathering user-defined types
9/27/2012 10:21:10 PM	Gathering table types
9/27/2012 10:21:10 PM	Gathering unique keys for table types
9/27/2012 10:21:10 PM	Gathering primary keys for table types
9/27/2012 10:21:10 PM	Gathering check constraints for table types
9/27/2012 10:21:10 PM	Gathering default constraints for table types
9/27/2012 10:21:10 PM	Gathering partition functions
9/27/2012 10:21:10 PM	Gathering partition schemes
9/27/2012 10:21:10 PM	Gathering functions
9/27/2012 10:21:10 PM	Gathering encrypted functions
9/27/2012 10:21:10 PM	Gathering aggregates
9/27/2012 10:21:10 PM	Gathering procedures
9/27/2012 10:21:10 PM	Gathering encrypted procedures
9/27/2012 10:21:10 PM	Gathering tables
9/27/2012 10:21:10 PM	Gathering primary keys
9/27/2012 10:21:10 PM	Gathering unique constraints
9/27/2012 10:21:10 PM	Gathering foreign keys
9/27/2012 10:21:10 PM	Gathering default constraints
9/27/2012 10:21:10 PM	Gathering check constraints
9/27/2012 10:21:10 PM	Gathering views
9/27/2012 10:21:10 PM	Gathering encrypted views
9/27/2012 10:21:10 PM	Gathering indexes
9/27/2012 10:21:10 PM	Gathering statistics
9/27/2012 10:21:11 PM	Gathering full-text index stoplists
9/27/2012 10:21:11 PM	Gathering search property lists
9/27/2012 10:21:11 PM	Gathering search properties
9/27/2012 10:21:11 PM	Gathering full-text indexes
9/27/2012 10:21:11 PM	Gathering column store indexes
9/27/2012 10:21:11 PM	Gathering spatial indexes
9/27/2012 10:21:11 PM	Gathering XML indexes
9/27/2012 10:21:11 PM	Gathering encrypted triggers
9/27/2012 10:21:11 PM	Gathering triggers
9/27/2012 10:21:11 PM	Gathering encrypted and clr ddl triggers
9/27/2012 10:21:11 PM	Gathering ddl triggers
9/27/2012 10:21:11 PM	Gathering synonyms
9/27/2012 10:21:11 PM	Gathering defaults
9/27/2012 10:21:11 PM	Gathering data constraint uddt bindings
9/27/2012 10:21:11 PM	Gathering rules
9/27/2012 10:21:11 PM	Gathering data constraint uddt bindings
9/27/2012 10:21:11 PM	Gathering message types
9/27/2012 10:21:11 PM	Gathering queues
9/27/2012 10:21:11 PM	Gathering contracts
9/27/2012 10:21:11 PM	Gathering services
9/27/2012 10:21:11 PM	Gathering routes
9/27/2012 10:21:11 PM	Gathering event notifications
9/27/2012 10:21:11 PM	Gathering remote service bindings
9/27/2012 10:21:11 PM	Gathering broker priorities
9/27/2012 10:21:11 PM	Gathering database audit specifications
9/27/2012 10:21:11 PM	Gathering signatures
9/27/2012 10:21:11 PM	Gathering data compression options
9/27/2012 10:21:11 PM	Gathering sequence types
9/27/2012 10:21:11 PM	Gathering extended properties
9/27/2012 10:21:12 PM	Scanning project for duplicate elements
9/27/2012 10:21:12 PM	Finished duplicate element processing
9/27/2012 10:21:13 PM	Finished importing database.
9/27/2012 10:21:13 PM	A summary of the import was saved to the following location: C:\wd\Mvc4ServicesBook\src\MVC4ServicesDb\Import Schema Logs\MVC4ServicesDb_20120928022101.log
9/27/2012 10:21:13 PM	Click Finish to continue...
